<?xml version='1.0'?>
<ns2:test-suite xmlns:ns2='urn:model.allure.qatools.yandex.ru' start='1766478016030' stop='1766478032277'>
    <name>Cek Detail Products</name>
    <title>Cek Detail Products</title>
    <test-cases>
        <test-case start='1766478016030' status='passed' stop='1766478024549'>
            <name>Melihat Detail Produk di Sauce Demo</name>
            <title>Melihat Detail Produk di Sauce Demo</title>
            <labels/>
            <parameters/>
            <steps/>
            <attachments/>
        </test-case>
        <test-case start='1766478024614' status='failed' stop='1766478032276'>
            <name>Add all Cart Product</name>
            <title>Add all Cart Product</title>
            <labels/>
            <parameters/>
            <steps/>
            <attachments/>
            <failure>
                <message>Timed out retrying after 4000ms: Expected to find element: `undefined`, but never found it.</message>
                <stack-trace>AssertionError: Timed out retrying after 4000ms: Expected to find element: `undefined`, but never found it.
                    at productPage.setAllCart (webpack://latihan-cypress/./cypress/page/productPage.js:75:11)
                    at Context.eval (webpack://latihan-cypress/./cypress/e2e/latihan-saucedemo/setProducts.cy.js:47:17)</stack-trace>
            </failure>
        </test-case>
    </test-cases>
</ns2:test-suite>