<?xml version='1.0'?>
<ns2:test-suite xmlns:ns2='urn:model.allure.qatools.yandex.ru' start='1766563935626' stop='1766563939873'>
    <name>Cek Fungsi Button Add Cart Produk</name>
    <title>Cek Fungsi Button Add Cart Produk</title>
    <test-cases>
        <test-case start='1766563935626' status='failed' stop='1766563939869'>
            <name>Verify untuk klik semua item add cart di sauce demo</name>
            <title>Verify untuk klik semua item add cart di sauce demo</title>
            <labels/>
            <parameters/>
            <steps/>
            <attachments/>
            <failure>
                <message>Timed out retrying after 4000ms: Expected to find element: `#user-name`, but never found it.</message>
                <stack-trace>AssertionError: Timed out retrying after 4000ms: Expected to find element: `#user-name`, but never found it.
                    at LoginPage.setUsernameField (webpack://latihan-cypress/./cypress/page/loginPage.js:20:11)
                    at Context.eval (webpack://latihan-cypress/./cypress/e2e/latihan-saucedemo/addCart.cy.js:22:14)</stack-trace>
            </failure>
        </test-case>
    </test-cases>
</ns2:test-suite>